c:\testcode\myserver\hollowshell\debug\vc120.pdb
c:\testcode\myserver\hollowshell\debug\vc120.idb
c:\testcode\myserver\hollowshell\debug\main.obj
c:\testcode\myserver\hollowshell\debug\allocator.obj
c:\testcode\myserver\hollowshell\debug\buffer.obj
c:\testcode\myserver\hollowshell\debug\inorderbufferlist.obj
c:\testcode\myserver\hollowshell\debug\nodelist.obj
c:\testcode\myserver\hollowshell\debug\completionport.obj
c:\testcode\myserver\hollowshell\debug\serversocket.obj
c:\testcode\myserver\hollowshell\debug\serverwrapper.obj
c:\testcode\myserver\hollowshell\debug\socketwrapper.obj
c:\testcode\myserver\hollowshell\debug\workerthread.obj
c:\testcode\myserver\hollowshell\debug\socketserver.obj
c:\testcode\myserver\hollowshell\debug\useswinsock.obj
c:\testcode\myserver\debug\hollowshell.ilk
c:\testcode\myserver\debug\hollowshell.exe
c:\testcode\myserver\debug\hollowshell.pdb
c:\testcode\myserver\hollowshell\debug\hollowshell.tlog\cl.command.1.tlog
c:\testcode\myserver\hollowshell\debug\hollowshell.tlog\cl.read.1.tlog
c:\testcode\myserver\hollowshell\debug\hollowshell.tlog\cl.write.1.tlog
c:\testcode\myserver\hollowshell\debug\hollowshell.tlog\link.command.1.tlog
c:\testcode\myserver\hollowshell\debug\hollowshell.tlog\link.read.1.tlog
c:\testcode\myserver\hollowshell\debug\hollowshell.tlog\link.write.1.tlog
