Build started 11/19/2017 2:52:33 PM.
     1>Project "C:\TestCode\MyServer\HollowShell\HollowShell.vcxproj" on node 2 (Build target(s)).
     1>ClCompile:
         C:\Program Files (x86)\Microsoft Visual Studio 12.0\VC\bin\CL.exe /c /ZI /nologo /W3 /WX- /sdl /Od /Oy- /D WIN32 /D _DEBUG /D _CONSOLE /D _LIB /D _UNICODE /D UNICODE /Gm /EHsc /RTC1 /MDd /GS /fp:precise /Zc:wchar_t /Zc:forScope /Fo"Debug\\" /Fd"Debug\vc120.pdb" /Gd /TP /analyze- /errorReport:prompt client\client.cpp
         client.cpp
       Link:
         C:\Program Files (x86)\Microsoft Visual Studio 12.0\VC\bin\link.exe /ERRORREPORT:PROMPT /OUT:"C:\TestCode\MyServer\Debug\HollowShell.exe" /INCREMENTAL /NOLOGO kernel32.lib user32.lib gdi32.lib winspool.lib comdlg32.lib advapi32.lib shell32.lib ole32.lib oleaut32.lib uuid.lib odbc32.lib odbccp32.lib /MANIFEST /MANIFESTUAC:"level='asInvoker' uiAccess='false'" /manifest:embed /DEBUG /PDB:"C:\TestCode\MyServer\Debug\HollowShell.pdb" /SUBSYSTEM:CONSOLE /TLBID:1 /DYNAMICBASE /NXCOMPAT /IMPLIB:"C:\TestCode\MyServer\Debug\HollowShell.lib" /MACHINE:X86 Debug\client.obj
         Debug\logger.obj
         Debug\main.obj
         Debug\allocator.obj
         Debug\buffer.obj
         Debug\inorderbufferlist.obj
         Debug\nodelist.obj
         Debug\completionport.obj
         Debug\serversocket.obj
         Debug\serverwrapper.obj
         Debug\socketwrapper.obj
         Debug\socketserver.obj
         Debug\useswinsock.obj
         Debug\workerthread.obj
         HollowShell.vcxproj -> C:\TestCode\MyServer\Debug\HollowShell.exe
     1>Done Building Project "C:\TestCode\MyServer\HollowShell\HollowShell.vcxproj" (Build target(s)).

Build succeeded.

Time Elapsed 00:00:03.06
