c:\echoservershutdown\servershutdown\servershutdown\output\vc6\debug\servershutdown.pch
c:\echoservershutdown\servershutdown\servershutdown\output\vc6\debug\vc120.pdb
c:\echoservershutdown\servershutdown\servershutdown\output\vc6\debug\vc120.idb
c:\echoservershutdown\servershutdown\servershutdown\output\vc6\debug\stdafx.obj
c:\echoservershutdown\servershutdown\servershutdown\output\vc6\debug\servershutdown.obj
c:\echoservershutdown\servershutdown\servershutdown\output\vc6\debug\servershutdowndlg.obj
c:\echoservershutdown\servershutdown\servershutdown\output\vc6\debug\servershutdown.res
c:\echoservershutdown\servershutdown\servershutdown\output\vc6\debug\servershutdown.pdb
c:\echoservershutdown\servershutdown\servershutdown\output\vc6\debug\servershutdown.tlog\cl.command.1.tlog
c:\echoservershutdown\servershutdown\servershutdown\output\vc6\debug\servershutdown.tlog\cl.read.1.tlog
c:\echoservershutdown\servershutdown\servershutdown\output\vc6\debug\servershutdown.tlog\cl.write.1.tlog
c:\echoservershutdown\servershutdown\servershutdown\output\vc6\debug\servershutdown.tlog\link-cvtres.read.1.tlog
c:\echoservershutdown\servershutdown\servershutdown\output\vc6\debug\servershutdown.tlog\link-cvtres.write.1.tlog
c:\echoservershutdown\servershutdown\servershutdown\output\vc6\debug\servershutdown.tlog\link-mt.read.1.tlog
c:\echoservershutdown\servershutdown\servershutdown\output\vc6\debug\servershutdown.tlog\link-mt.write.1.tlog
c:\echoservershutdown\servershutdown\servershutdown\output\vc6\debug\servershutdown.tlog\link-rc.read.1.tlog
c:\echoservershutdown\servershutdown\servershutdown\output\vc6\debug\servershutdown.tlog\link-rc.write.1.tlog
c:\echoservershutdown\servershutdown\servershutdown\output\vc6\debug\servershutdown.tlog\link.command.1.tlog
c:\echoservershutdown\servershutdown\servershutdown\output\vc6\debug\servershutdown.tlog\link.read.1.tlog
c:\echoservershutdown\servershutdown\servershutdown\output\vc6\debug\servershutdown.tlog\link.write.1.tlog
c:\echoservershutdown\servershutdown\servershutdown\output\vc6\debug\servershutdown.tlog\rc.command.1.tlog
c:\echoservershutdown\servershutdown\servershutdown\output\vc6\debug\servershutdown.tlog\rc.read.1.tlog
c:\echoservershutdown\servershutdown\servershutdown\output\vc6\debug\servershutdown.tlog\rc.write.1.tlog
