Build started 7/31/2017 8:22:00 PM.
     1>Project "C:\EchoServerShutdown\ServerShutdown\ServerShutdown\ServerShutdown.vcxproj" on node 2 (Rebuild target(s)).
     1>ClCompile:
         C:\Program Files (x86)\Microsoft Visual Studio 12.0\VC\bin\CL.exe /c /I..\ /ZI /nologo /W3 /WX- /Od /Oy- /D WIN32 /D _DEBUG /D _WINDOWS /D _VC80_UPGRADE=0x0600 /D _UNICODE /D UNICODE /Gm /EHsc /RTC1 /MTd /GS /Gy- /fp:precise /Zc:wchar_t /Zc:forScope /Yc"stdafx.h" /Fp".\Output\VC6\Debug\ServerShutdown.pch" /Fo".\Output\VC6\Debug\\" /Fd".\Output\VC6\Debug\vc120.pdb" /Gd /TP /analyze- /errorReport:prompt StdAfx.cpp
         StdAfx.cpp
         _WIN32_WINNT not defined. Defaulting to _WIN32_WINNT_MAXVER (see WinSDKVer.h)
         C:\Program Files (x86)\Microsoft Visual Studio 12.0\VC\bin\CL.exe /c /I..\ /ZI /nologo /W3 /WX- /Od /Oy- /D WIN32 /D _DEBUG /D _WINDOWS /D _VC80_UPGRADE=0x0600 /D _UNICODE /D UNICODE /Gm /EHsc /RTC1 /MTd /GS /Gy- /fp:precise /Zc:wchar_t /Zc:forScope /Yu"stdafx.h" /Fp".\Output\VC6\Debug\ServerShutdown.pch" /Fo".\Output\VC6\Debug\\" /Fd".\Output\VC6\Debug\vc120.pdb" /Gd /TP /analyze- /errorReport:prompt ServerShutdown.cpp ServerShutdownDlg.cpp
         ServerShutdownDlg.cpp
         ServerShutdown.cpp
         Generating Code...
       ResourceCompile:
         C:\Program Files (x86)\Windows Kits\8.1\bin\x86\rc.exe /D _DEBUG /D _VC80_UPGRADE=0x0600 /D _UNICODE /D UNICODE /l"0x0809" /nologo /fo".\Output\VC6\Debug\ServerShutdown.res" ServerShutdown.rc 
       Link:
         C:\Program Files (x86)\Microsoft Visual Studio 12.0\VC\bin\link.exe /ERRORREPORT:PROMPT /OUT:".\Output\VC6\Debug\ServerShutdown.exe" /INCREMENTAL /NOLOGO C:\EchoServerShutdown\ServerShutdown\JetByteTools\Win32Tools\Output\VC6\Debug\Win32Tools.lib /MANIFEST /MANIFESTUAC:"level='asInvoker' uiAccess='false'" /manifest:embed /manifestinput:"C:\Program Files (x86)\Microsoft Visual Studio 12.0\VC\Include\Manifest\dpiaware.manifest" /DEBUG /PDB:".\Output\VC6\Debug\ServerShutdown.pdb" /SUBSYSTEM:WINDOWS /TLBID:1 /ENTRY:"wWinMainCRTStartup" /DYNAMICBASE /NXCOMPAT /IMPLIB:".\Output\VC6\Debug\ServerShutdown.lib" /MACHINE:X86 /SAFESEH .\Output\VC6\Debug\ServerShutdown.res
         .\Output\VC6\Debug\ServerShutdown.obj
         .\Output\VC6\Debug\ServerShutdownDlg.obj
         .\Output\VC6\Debug\StdAfx.obj
         C:\EchoServerShutdown\ServerShutdown\JetByteTools\Win32Tools\Output\VC6\Debug\Win32Tools.lib
     1>ServerShutdown.obj : warning LNK4075: ignoring '/EDITANDCONTINUE' due to '/SAFESEH' specification
         ServerShutdown.vcxproj -> C:\EchoServerShutdown\ServerShutdown\ServerShutdown\.\Output\VC6\Debug\ServerShutdown.exe
     1>Done Building Project "C:\EchoServerShutdown\ServerShutdown\ServerShutdown\ServerShutdown.vcxproj" (Rebuild target(s)).

Build succeeded.

Time Elapsed 00:00:06.47
